c:\users\ghost\documents\visual studio 2017\projects\butterbot\butterbot\x64\debug\vc141.pdb
c:\users\ghost\documents\visual studio 2017\projects\butterbot\butterbot\x64\debug\voicecommand.obj
c:\users\ghost\documents\visual studio 2017\projects\butterbot\butterbot\x64\debug\vision.obj
c:\users\ghost\documents\visual studio 2017\projects\butterbot\butterbot\x64\debug\facedetection.obj
c:\users\ghost\documents\visual studio 2017\projects\butterbot\butterbot\x64\debug\jsonmanager.obj
c:\users\ghost\documents\visual studio 2017\projects\butterbot\butterbot\x64\debug\main.obj
c:\users\ghost\documents\visual studio 2017\projects\butterbot\butterbot\x64\debug\.netframework,version=v4.6.1.assemblyattributes.obj
c:\users\ghost\documents\visual studio 2017\projects\butterbot\butterbot\x64\debug\.netframework,version=v4.6.1.assemblyattributes.asm
c:\users\ghost\documents\visual studio 2017\projects\butterbot\butterbot\x64\debug\commanddatabase.obj
c:\users\ghost\documents\visual studio 2017\projects\butterbot\x64\debug\butterbot.exe
c:\users\ghost\documents\visual studio 2017\projects\butterbot\x64\debug\butterbot.pdb
c:\users\ghost\documents\visual studio 2017\projects\butterbot\butterbot\x64\debug\butterbot.vcxprojresolveassemblyreference.cache
c:\users\ghost\documents\visual studio 2017\projects\butterbot\butterbot\x64\debug\butterbot.tlog\cl.command.1.tlog
c:\users\ghost\documents\visual studio 2017\projects\butterbot\butterbot\x64\debug\butterbot.tlog\cl.read.1.tlog
c:\users\ghost\documents\visual studio 2017\projects\butterbot\butterbot\x64\debug\butterbot.tlog\cl.write.1.tlog
c:\users\ghost\documents\visual studio 2017\projects\butterbot\butterbot\x64\debug\butterbot.tlog\link.command.1.tlog
c:\users\ghost\documents\visual studio 2017\projects\butterbot\butterbot\x64\debug\butterbot.tlog\link.read.1.tlog
c:\users\ghost\documents\visual studio 2017\projects\butterbot\butterbot\x64\debug\butterbot.tlog\link.write.1.tlog
c:\users\ghost\documents\visual studio 2017\projects\butterbot\butterbot\x64\debug\butterbot.tlog\metagen.read.1.tlog
c:\users\ghost\documents\visual studio 2017\projects\butterbot\butterbot\x64\debug\butterbot.tlog\metagen.write.1.tlog
