  Vision.cpp
..\..\Project3\Project3\Vision.cpp(29): warning C4244: 'initializing': conversion from 'double' to 'int', possible loss of data
..\..\Project3\Project3\Vision.cpp(69): warning C4474: 'sprintf' : too many arguments passed for format string
  ..\..\Project3\Project3\Vision.cpp(69): note: placeholders and their parameters expect 0 variadic arguments, but 1 were provided
..\..\Project3\Project3\Vision.cpp(70): warning C4474: 'sprintf' : too many arguments passed for format string
  ..\..\Project3\Project3\Vision.cpp(70): note: placeholders and their parameters expect 0 variadic arguments, but 1 were provided
..\..\Project3\Project3\Vision.cpp(71): warning C4474: 'sprintf' : too many arguments passed for format string
  ..\..\Project3\Project3\Vision.cpp(71): note: placeholders and their parameters expect 0 variadic arguments, but 1 were provided
..\..\Project3\Project3\Vision.cpp(72): warning C4474: 'sprintf' : too many arguments passed for format string
  ..\..\Project3\Project3\Vision.cpp(72): note: placeholders and their parameters expect 0 variadic arguments, but 1 were provided
..\..\Project3\Project3\Vision.cpp(73): warning C4474: 'sprintf' : too many arguments passed for format string
  ..\..\Project3\Project3\Vision.cpp(73): note: placeholders and their parameters expect 0 variadic arguments, but 1 were provided
..\..\Project3\Project3\Vision.cpp(74): warning C4474: 'sprintf' : too many arguments passed for format string
  ..\..\Project3\Project3\Vision.cpp(74): note: placeholders and their parameters expect 0 variadic arguments, but 1 were provided
..\..\Project3\Project3\Vision.cpp(149): warning C4244: '=': conversion from 'double' to 'int', possible loss of data
..\..\Project3\Project3\Vision.cpp(150): warning C4244: '=': conversion from 'double' to 'int', possible loss of data
  main.cpp
  Generating Code...
c:\users\ghost\documents\opencv\build\include\opencv2\core\cvstd.hpp(596): warning C4793: 'cv::String::String': function compiled as native:
  	Found an intrinsic not supported in managed code
c:\users\ghost\documents\opencv\build\include\opencv2\core\mat.inl.hpp(413): warning C4793: 'cv::Mat::Mat': function compiled as native:
  	Found an intrinsic not supported in managed code
c:\users\ghost\documents\opencv\build\include\opencv2\core\mat.inl.hpp(703): warning C4793: 'cv::Mat::release': function compiled as native:
  	Found an intrinsic not supported in managed code
c:\users\ghost\documents\opencv\build\include\opencv2\core\mat.inl.hpp(1929): warning C4793: 'cv::SparseMat::addref': function compiled as native:
  	Found an intrinsic not supported in managed code
c:\users\ghost\documents\opencv\build\include\opencv2\core\mat.inl.hpp(3530): warning C4793: 'cv::UMat::addref': function compiled as native:
  	Found an intrinsic not supported in managed code
c:\users\ghost\documents\opencv\build\include\opencv2\core\ptr.inl.hpp(67): warning C4793: 'cv::detail::PtrOwner::incRef': function compiled as native:
  	Found an intrinsic not supported in managed code
c:\users\ghost\documents\opencv\build\include\opencv2\core\ptr.inl.hpp(72): warning C4793: 'cv::detail::PtrOwner::decRef': function compiled as native:
  	Found an intrinsic not supported in managed code
opencv_world320d.lib(opencv_world320d.dll) : fatal error LNK1112: module machine type 'x64' conflicts with target machine type 'X86'
